#
# There is insufficient memory for the Java Runtime Environment to continue.
# Native memory allocation (malloc) failed to allocate 1407136 bytes. Error detail: Chunk::new
# Possible reasons:
#   The system is out of physical RAM or swap space
#   This process is running with CompressedOops enabled, and the Java Heap may be blocking the growth of the native heap
# Possible solutions:
#   Reduce memory load on the system
#   Increase physical memory or swap space
#   Check if swap backing store is full
#   Decrease Java heap size (-Xmx/-Xms)
#   Decrease number of Java threads
#   Decrease Java thread stack sizes (-Xss)
#   Set larger code cache with -XX:ReservedCodeCacheSize=
#   JVM is running with Unscaled Compressed Oops mode in which the Java heap is
#     placed in the first 4GB address space. The Java Heap base address is the
#     maximum limit for the native heap growth. Please use -XX:HeapBaseMinAddress
#     to set the Java Heap base and to place the Java Heap above 4GB virtual address.
# This output file may be truncated or incomplete.
#
#  Out of Memory Error (arena.cpp:168), pid=5224, tid=25460
#
# JRE version: OpenJDK Runtime Environment Temurin-21.0.9+10 (21.0.9+10) (build 21.0.9+10-LTS)
# Java VM: OpenJDK 64-Bit Server VM Temurin-21.0.9+10 (21.0.9+10-LTS, mixed mode, sharing, tiered, compressed oops, compressed class ptrs, parallel gc, windows-amd64)
# No core dump will be written. Minidumps are not enabled by default on client versions of Windows
#

---------------  S U M M A R Y ------------

Command Line: --add-modules=ALL-SYSTEM --add-opens=java.base/java.util=ALL-UNNAMED --add-opens=java.base/java.lang=ALL-UNNAMED --add-opens=java.base/sun.nio.fs=ALL-UNNAMED -Declipse.application=org.eclipse.jdt.ls.core.id1 -Dosgi.bundles.defaultStartLevel=4 -Declipse.product=org.eclipse.jdt.ls.core.product -Djava.import.generatesMetadataFilesAtProjectRoot=false -DDetectVMInstallationsJob.disabled=true -Dfile.encoding=utf8 -XX:+UseParallelGC -XX:GCTimeRatio=4 -XX:AdaptiveSizePolicyWeight=90 -Dsun.zip.disableMemoryMapping=true -Xmx2G -Xms100m -Xlog:disable -javaagent:c:\Users\admin\.vscode\extensions\redhat.java-1.51.0-win32-x64\lombok\lombok-1.18.39-4050.jar -XX:+HeapDumpOnOutOfMemoryError -XX:HeapDumpPath=c:\Users\admin\AppData\Roaming\Code\User\workspaceStorage\2f343b39475732820675298a33ff4b6d\redhat.java -Daether.dependencyCollector.impl=bf c:\Users\admin\.vscode\extensions\redhat.java-1.51.0-win32-x64\server\plugins\org.eclipse.equinox.launcher_1.7.100.v20251111-0406.jar -configuration c:\Users\admin\AppData\Roaming\Code\User\globalStorage\redhat.java\1.51.0\config_win -data c:\Users\admin\AppData\Roaming\Code\User\workspaceStorage\2f343b39475732820675298a33ff4b6d\redhat.java\jdt_ws --pipe=\\.\pipe\lsp-dc284d97383eb31ee40181ddf3f58619-sock

Host: 12th Gen Intel(R) Core(TM) i5-12500H, 16 cores, 15G,  Windows 11 , 64 bit Build 26100 (10.0.26100.7309)
Time: Fri Jan  9 15:17:44 2026 SE Asia Standard Time elapsed time: 22694.509296 seconds (0d 6h 18m 14s)

---------------  T H R E A D  ---------------

Current thread (0x0000023e7d2b5350):  JavaThread "C2 CompilerThread0" daemon [_thread_in_native, id=25460, stack(0x000000fbc1400000,0x000000fbc1500000) (1024K)]


Current CompileTask:
C2:22694509 24090       4       org.eclipse.jdt.core.dom.ASTConverter::convertType (2901 bytes)

Stack: [0x000000fbc1400000,0x000000fbc1500000]
Native frames: (J=compiled Java code, j=interpreted, Vv=VM code, C=native code)
V  [jvm.dll+0x6d6e29]
V  [jvm.dll+0x8b4b76]
V  [jvm.dll+0x8b712e]
V  [jvm.dll+0x8b7813]
V  [jvm.dll+0x283d86]
V  [jvm.dll+0xc66ed]
V  [jvm.dll+0xc6c31]
V  [jvm.dll+0x3be53b]
V  [jvm.dll+0x38ab92]
V  [jvm.dll+0x389fda]
V  [jvm.dll+0x24bfa0]
V  [jvm.dll+0x24b580]
V  [jvm.dll+0x1cb13e]
V  [jvm.dll+0x25b29d]
V  [jvm.dll+0x25982a]
V  [jvm.dll+0x3f7ea6]
V  [jvm.dll+0x85e9ad]
V  [jvm.dll+0x6d565d]
C  [ucrtbase.dll+0x37b0]
C  [KERNEL32.DLL+0x2e8d7]
C  [ntdll.dll+0x8c53c]


---------------  P R O C E S S  ---------------

Threads class SMR info:
_java_thread_list=0x0000023e08a2f3e0, length=45, elements={
0x0000023e24513c40, 0x0000023e244be130, 0x0000023e245b2100, 0x0000023e245b69e0,
0x0000023e245b79c0, 0x0000023e245bbe80, 0x0000023e245c0d80, 0x0000023e7d2b5350,
0x0000023e245cded0, 0x0000023e7d508370, 0x0000023e7eb7a670, 0x0000023e7f10a300,
0x0000023e7d5540b0, 0x0000023e7d4debf0, 0x0000023e7d3c0400, 0x0000023e047eadd0,
0x0000023e04334470, 0x0000023e7f2d05a0, 0x0000023e7f2cde40, 0x0000023e7f2cd120,
0x0000023e7f2cff10, 0x0000023e07c63d40, 0x0000023e07c67850, 0x0000023e07c643d0,
0x0000023e07c65780, 0x0000023e07c664a0, 0x0000023e07c65e10, 0x0000023e07c671c0,
0x0000023e07c67ee0, 0x0000023e07c64a60, 0x0000023e07c66b30, 0x0000023e07c650f0,
0x0000023e07c6b360, 0x0000023e07c6acd0, 0x0000023e07c68570, 0x0000023e07c6a640,
0x0000023e07c69920, 0x0000023e07c69290, 0x0000023e06d72ab0, 0x0000023e06d765c0,
0x0000023e06d737d0, 0x0000023e13216500, 0x0000023e15b45240, 0x0000023e06d4fd20,
0x0000023e06d503b0
}

Java Threads: ( => current thread )
  0x0000023e24513c40 JavaThread "main"                              [_thread_blocked, id=26868, stack(0x000000fbc0a00000,0x000000fbc0b00000) (1024K)]
  0x0000023e244be130 JavaThread "Reference Handler"          daemon [_thread_blocked, id=33640, stack(0x000000fbc0e00000,0x000000fbc0f00000) (1024K)]
  0x0000023e245b2100 JavaThread "Finalizer"                  daemon [_thread_blocked, id=26208, stack(0x000000fbc0f00000,0x000000fbc1000000) (1024K)]
  0x0000023e245b69e0 JavaThread "Signal Dispatcher"          daemon [_thread_blocked, id=11624, stack(0x000000fbc1000000,0x000000fbc1100000) (1024K)]
  0x0000023e245b79c0 JavaThread "Attach Listener"            daemon [_thread_blocked, id=24844, stack(0x000000fbc1100000,0x000000fbc1200000) (1024K)]
  0x0000023e245bbe80 JavaThread "Service Thread"             daemon [_thread_blocked, id=15468, stack(0x000000fbc1200000,0x000000fbc1300000) (1024K)]
  0x0000023e245c0d80 JavaThread "Monitor Deflation Thread"   daemon [_thread_blocked, id=28460, stack(0x000000fbc1300000,0x000000fbc1400000) (1024K)]
=>0x0000023e7d2b5350 JavaThread "C2 CompilerThread0"         daemon [_thread_in_native, id=25460, stack(0x000000fbc1400000,0x000000fbc1500000) (1024K)]
  0x0000023e245cded0 JavaThread "C1 CompilerThread0"         daemon [_thread_blocked, id=7160, stack(0x000000fbc1500000,0x000000fbc1600000) (1024K)]
  0x0000023e7d508370 JavaThread "Common-Cleaner"             daemon [_thread_blocked, id=2632, stack(0x000000fbc1800000,0x000000fbc1900000) (1024K)]
  0x0000023e7eb7a670 JavaThread "Notification Thread"        daemon [_thread_blocked, id=26432, stack(0x000000fbc1b00000,0x000000fbc1c00000) (1024K)]
  0x0000023e7f10a300 JavaThread "Active Thread: Equinox Container: a1bb5029-20d9-4d94-92c4-5e28c984d00a"        [_thread_blocked, id=23144, stack(0x000000fbc2400000,0x000000fbc2500000) (1024K)]
  0x0000023e7d5540b0 JavaThread "Refresh Thread: Equinox Container: a1bb5029-20d9-4d94-92c4-5e28c984d00a" daemon [_thread_blocked, id=27224, stack(0x000000fbc1600000,0x000000fbc1700000) (1024K)]
  0x0000023e7d4debf0 JavaThread "Framework Event Dispatcher: Equinox Container: a1bb5029-20d9-4d94-92c4-5e28c984d00a" daemon [_thread_blocked, id=2928, stack(0x000000fbc1700000,0x000000fbc1800000) (1024K)]
  0x0000023e7d3c0400 JavaThread "Start Level: Equinox Container: a1bb5029-20d9-4d94-92c4-5e28c984d00a" daemon [_thread_blocked, id=17048, stack(0x000000fbc1900000,0x000000fbc1a00000) (1024K)]
  0x0000023e047eadd0 JavaThread "Bundle File Closer"         daemon [_thread_blocked, id=6712, stack(0x000000fbc2800000,0x000000fbc2900000) (1024K)]
  0x0000023e04334470 JavaThread "SCR Component Actor"        daemon [_thread_blocked, id=31980, stack(0x000000fbc1a00000,0x000000fbc1b00000) (1024K)]
  0x0000023e7f2d05a0 JavaThread "Worker-JM"                         [_thread_blocked, id=3152, stack(0x000000fbc2e00000,0x000000fbc2f00000) (1024K)]
  0x0000023e7f2cde40 JavaThread "JNA Cleaner"                daemon [_thread_blocked, id=29928, stack(0x000000fbc2a00000,0x000000fbc2b00000) (1024K)]
  0x0000023e7f2cd120 JavaThread "Java indexing"              daemon [_thread_blocked, id=13320, stack(0x000000fbc3300000,0x000000fbc3400000) (1024K)]
  0x0000023e7f2cff10 JavaThread "Thread-1"                   daemon [_thread_in_native, id=9932, stack(0x000000fbc3900000,0x000000fbc3a00000) (1024K)]
  0x0000023e07c63d40 JavaThread "Thread-2"                   daemon [_thread_in_native, id=28568, stack(0x000000fbc3a00000,0x000000fbc3b00000) (1024K)]
  0x0000023e07c67850 JavaThread "Thread-3"                   daemon [_thread_in_native, id=25100, stack(0x000000fbc3b00000,0x000000fbc3c00000) (1024K)]
  0x0000023e07c643d0 JavaThread "Thread-4"                   daemon [_thread_in_native, id=1096, stack(0x000000fbc3c00000,0x000000fbc3d00000) (1024K)]
  0x0000023e07c65780 JavaThread "Thread-5"                   daemon [_thread_in_native, id=24536, stack(0x000000fbc3d00000,0x000000fbc3e00000) (1024K)]
  0x0000023e07c664a0 JavaThread "Thread-6"                   daemon [_thread_in_native, id=26904, stack(0x000000fbc3e00000,0x000000fbc3f00000) (1024K)]
  0x0000023e07c65e10 JavaThread "Thread-7"                   daemon [_thread_in_native, id=27132, stack(0x000000fbc3f00000,0x000000fbc4000000) (1024K)]
  0x0000023e07c671c0 JavaThread "Thread-8"                   daemon [_thread_in_native, id=4676, stack(0x000000fbc4000000,0x000000fbc4100000) (1024K)]
  0x0000023e07c67ee0 JavaThread "Thread-9"                   daemon [_thread_in_native, id=3280, stack(0x000000fbc4100000,0x000000fbc4200000) (1024K)]
  0x0000023e07c64a60 JavaThread "Thread-10"                  daemon [_thread_in_native, id=3792, stack(0x000000fbc4200000,0x000000fbc4300000) (1024K)]
  0x0000023e07c66b30 JavaThread "Thread-11"                  daemon [_thread_in_native, id=20564, stack(0x000000fbc4300000,0x000000fbc4400000) (1024K)]
  0x0000023e07c650f0 JavaThread "Thread-12"                  daemon [_thread_in_native, id=32136, stack(0x000000fbc4400000,0x000000fbc4500000) (1024K)]
  0x0000023e07c6b360 JavaThread "Thread-13"                  daemon [_thread_in_native, id=28092, stack(0x000000fbc4500000,0x000000fbc4600000) (1024K)]
  0x0000023e07c6acd0 JavaThread "Thread-14"                  daemon [_thread_in_native, id=27908, stack(0x000000fbc4600000,0x000000fbc4700000) (1024K)]
  0x0000023e07c68570 JavaThread "Thread-15"                  daemon [_thread_in_native, id=18164, stack(0x000000fbc4700000,0x000000fbc4800000) (1024K)]
  0x0000023e07c6a640 JavaThread "Thread-16"                  daemon [_thread_in_native, id=32756, stack(0x000000fbc4800000,0x000000fbc4900000) (1024K)]
  0x0000023e07c69920 JavaThread "Thread-17"                  daemon [_thread_in_native, id=31864, stack(0x000000fbc4900000,0x000000fbc4a00000) (1024K)]
  0x0000023e07c69290 JavaThread "pool-2-thread-1"                   [_thread_blocked, id=26792, stack(0x000000fbc4a00000,0x000000fbc4b00000) (1024K)]
  0x0000023e06d72ab0 JavaThread "WorkspaceEventsHandler"            [_thread_blocked, id=25296, stack(0x000000fbc5f00000,0x000000fbc6000000) (1024K)]
  0x0000023e06d765c0 JavaThread "pool-1-thread-1"                   [_thread_blocked, id=5756, stack(0x000000fbc6000000,0x000000fbc6100000) (1024K)]
  0x0000023e06d737d0 JavaThread "Cleaner-0"                  daemon [_thread_blocked, id=29452, stack(0x000000fbc5400000,0x000000fbc5500000) (1024K)]
  0x0000023e13216500 JavaThread "Worker-12"                         [_thread_blocked, id=5132, stack(0x000000fbc2d00000,0x000000fbc2e00000) (1024K)]
  0x0000023e15b45240 JavaThread "Worker-15"                         [_thread_blocked, id=6864, stack(0x000000fbc5700000,0x000000fbc5800000) (1024K)]
  0x0000023e06d4fd20 JavaThread "ForkJoinPool.commonPool-worker-55" daemon [_thread_in_Java, id=26128, stack(0x000000fbc0700000,0x000000fbc0800000) (1024K)]
  0x0000023e06d503b0 JavaThread "ForkJoinPool.commonPool-worker-56" daemon [_thread_blocked, id=27392, stack(0x000000fbc0800000,0x000000fbc0900000) (1024K)]
Total: 45

Other Threads:
  0x0000023e244a4750 VMThread "VM Thread"                           [id=18452, stack(0x000000fbc0d00000,0x000000fbc0e00000) (1024K)]
  0x0000023e2439ba00 WatcherThread "VM Periodic Task Thread"        [id=15132, stack(0x000000fbc0c00000,0x000000fbc0d00000) (1024K)]
  0x0000023e24531fb0 WorkerThread "GC Thread#0"                     [id=23524, stack(0x000000fbc0b00000,0x000000fbc0c00000) (1024K)]
  0x0000023e7ef41130 WorkerThread "GC Thread#1"                     [id=2372, stack(0x000000fbc1e00000,0x000000fbc1f00000) (1024K)]
  0x0000023e04191b40 WorkerThread "GC Thread#2"                     [id=29416, stack(0x000000fbc1f00000,0x000000fbc2000000) (1024K)]
  0x0000023e04191ee0 WorkerThread "GC Thread#3"                     [id=25820, stack(0x000000fbc2000000,0x000000fbc2100000) (1024K)]
  0x0000023e7eff18e0 WorkerThread "GC Thread#4"                     [id=24384, stack(0x000000fbc2100000,0x000000fbc2200000) (1024K)]
  0x0000023e7eff2090 WorkerThread "GC Thread#5"                     [id=21960, stack(0x000000fbc2200000,0x000000fbc2300000) (1024K)]
  0x0000023e7f0f5d60 WorkerThread "GC Thread#6"                     [id=16036, stack(0x000000fbc2300000,0x000000fbc2400000) (1024K)]
  0x0000023e04598290 WorkerThread "GC Thread#7"                     [id=33236, stack(0x000000fbc2500000,0x000000fbc2600000) (1024K)]
  0x0000023e7ed2e7d0 WorkerThread "GC Thread#8"                     [id=21668, stack(0x000000fbc1d00000,0x000000fbc1e00000) (1024K)]
  0x0000023e7ed2eb70 WorkerThread "GC Thread#9"                     [id=30672, stack(0x000000fbc2600000,0x000000fbc2700000) (1024K)]
  0x0000023e7ed2ef10 WorkerThread "GC Thread#10"                    [id=33672, stack(0x000000fbc2700000,0x000000fbc2800000) (1024K)]
  0x0000023e7ed30130 WorkerThread "GC Thread#11"                    [id=33708, stack(0x000000fbc2c00000,0x000000fbc2d00000) (1024K)]
  0x0000023e7ed2f9f0 WorkerThread "GC Thread#12"                    [id=21936, stack(0x000000fbc2f00000,0x000000fbc3000000) (1024K)]
Total: 15

Threads with active compile tasks:
C2 CompilerThread0  22694527 24090       4       org.eclipse.jdt.core.dom.ASTConverter::convertType (2901 bytes)
Total: 1

VM state: not at safepoint (normal execution)

VM Mutex/Monitor currently owned by a thread: None

Heap address: 0x0000000080000000, size: 2048 MB, Compressed Oops mode: 32-bit

CDS archive(s) mapped at: [0x0000023e3b000000-0x0000023e3bba0000-0x0000023e3bba0000), size 12189696, SharedBaseAddress: 0x0000023e3b000000, ArchiveRelocationMode: 1.
Compressed class space mapped at: 0x0000023e3c000000-0x0000023e7c000000, reserved size: 1073741824
Narrow klass base: 0x0000023e3b000000, Narrow klass shift: 0, Narrow klass range: 0x100000000

GC Precious Log:
 CardTable entry size: 512
 CPUs: 16 total, 16 available
 Memory: 16077M
 Large Page Support: Disabled
 NUMA Support: Disabled
 Compressed Oops: Enabled (32-bit)
 Alignments: Space 512K, Generation 512K, Heap 2M
 Heap Min Capacity: 100M
 Heap Initial Capacity: 100M
 Heap Max Capacity: 2G
 Pre-touch: Disabled
 Parallel Workers: 13

Heap:
 PSYoungGen      total 5120K, used 1954K [0x00000000d5580000, 0x00000000d5c00000, 0x0000000100000000)
  eden space 4096K, 25% used [0x00000000d5580000,0x00000000d5688918,0x00000000d5980000)
  from space 1024K, 87% used [0x00000000d5b00000,0x00000000d5be0020,0x00000000d5c00000)
  to   space 1024K, 0% used [0x00000000d5980000,0x00000000d5980000,0x00000000d5a80000)
 ParOldGen       total 1144832K, used 1144738K [0x0000000080000000, 0x00000000c5e00000, 0x00000000d5580000)
  object space 1144832K, 99% used [0x0000000080000000,0x00000000c5de8a58,0x00000000c5e00000)
 Metaspace       used 87560K, committed 89280K, reserved 1179648K
  class space    used 8657K, committed 9472K, reserved 1048576K

Card table byte_map: [0x0000023e23eb0000,0x0000023e242c0000] _byte_map_base: 0x0000023e23ab0000

Marking Bits: (ParMarkBitMap*) 0x00007ffb769e2460
 Begin Bits: [0x0000023e369c0000, 0x0000023e389c0000)
 End Bits:   [0x0000023e389c0000, 0x0000023e3a9c0000)

Polling page: 0x0000023e22120000

Metaspace:

Usage:
  Non-class:     77.05 MB used.
      Class:      8.45 MB used.
       Both:     85.51 MB used.

Virtual space:
  Non-class space:      128.00 MB reserved,      77.94 MB ( 61%) committed,  2 nodes.
      Class space:        1.00 GB reserved,       9.25 MB ( <1%) committed,  1 nodes.
             Both:        1.12 GB reserved,      87.19 MB (  8%) committed. 

Chunk freelists:
   Non-Class:  1.80 MB
       Class:  6.82 MB
        Both:  8.62 MB

MaxMetaspaceSize: unlimited
CompressedClassSpaceSize: 1.00 GB
Initial GC threshold: 21.00 MB
Current GC threshold: 141.81 MB
CDS: on
 - commit_granule_bytes: 65536.
 - commit_granule_words: 8192.
 - virtual_space_node_default_size: 8388608.
 - enlarge_chunks_in_place: 1.
 - use_allocation_guard: 0.


Internal statistics:

num_allocs_failed_limit: 9.
num_arena_births: 1788.
num_arena_deaths: 470.
num_vsnodes_births: 3.
num_vsnodes_deaths: 0.
num_space_committed: 1395.
num_space_uncommitted: 0.
num_chunks_returned_to_freelist: 571.
num_chunks_taken_from_freelist: 6225.
num_chunk_merges: 182.
num_chunk_splits: 3617.
num_chunks_enlarged: 1986.
num_inconsistent_stats: 0.

CodeHeap 'non-profiled nmethods': size=119168Kb used=25424Kb max_used=25424Kb free=93743Kb
 bounds [0x0000023e2f2b0000, 0x0000023e30b90000, 0x0000023e36710000]
CodeHeap 'profiled nmethods': size=119104Kb used=48513Kb max_used=48513Kb free=70590Kb
 bounds [0x0000023e27710000, 0x0000023e2a680000, 0x0000023e2eb60000]
CodeHeap 'non-nmethods': size=7488Kb used=1520Kb max_used=3298Kb free=5967Kb
 bounds [0x0000023e2eb60000, 0x0000023e2eed0000, 0x0000023e2f2b0000]
CodeCache: size=245760Kb, used=75457Kb, max_used=77235Kb, free=170300Kb
 total_blobs=20613, nmethods=19773, adapters=741, full_count=0
Compilation: enabled, stopped_count=0, restarted_count=0

Compilation events (20 events):
Event: 22669.631 Thread 0x0000023e245cded0 24082       1       org.eclipse.jdt.core.dom.InstanceofExpression::getNodeType0 (3 bytes)
Event: 22669.631 Thread 0x0000023e245cded0 nmethod 24082 0x0000023e30b7ff10 code [0x0000023e30b800a0, 0x0000023e30b80168]
Event: 22669.631 Thread 0x0000023e245cded0 24083       1       org.eclipse.jdt.core.dom.Type::isVar (2 bytes)
Event: 22669.631 Thread 0x0000023e245cded0 nmethod 24083 0x0000023e30b80210 code [0x0000023e30b803a0, 0x0000023e30b80468]
Event: 22669.632 Thread 0x0000023e245cded0 24084       3       org.eclipse.jdt.core.dom.TypeDeclaration::internalResolveBinding (12 bytes)
Event: 22669.632 Thread 0x0000023e245cded0 nmethod 24084 0x0000023e2a66c110 code [0x0000023e2a66c2c0, 0x0000023e2a66c4c0]
Event: 22669.632 Thread 0x0000023e245cded0 24085  s    3       org.eclipse.jdt.core.dom.DefaultBindingResolver::resolveType (102 bytes)
Event: 22669.632 Thread 0x0000023e245cded0 nmethod 24085 0x0000023e2a66c590 code [0x0000023e2a66c7e0, 0x0000023e2a66d100]
Event: 22669.632 Thread 0x0000023e245cded0 24086       3       org.eclipse.jdt.core.dom.DefaultBindingResolver::getDeclaringMember (245 bytes)
Event: 22669.633 Thread 0x0000023e245cded0 nmethod 24086 0x0000023e2a66d390 code [0x0000023e2a66d740, 0x0000023e2a66f3b8]
Event: 22669.633 Thread 0x0000023e245cded0 24087       3       org.eclipse.jdt.core.dom.DefaultASTVisitor::visit (6 bytes)
Event: 22669.634 Thread 0x0000023e245cded0 nmethod 24087 0x0000023e2a66fb90 code [0x0000023e2a66fd40, 0x0000023e2a66ff08]
Event: 22669.634 Thread 0x0000023e245cded0 24088       3       org.eclipse.jdt.core.dom.DefaultASTVisitor::endVisit (6 bytes)
Event: 22669.634 Thread 0x0000023e245cded0 nmethod 24088 0x0000023e2a66ff90 code [0x0000023e2a670140, 0x0000023e2a670308]
Event: 22669.634 Thread 0x0000023e7d2b5350 nmethod 24080 0x0000023e30b80510 code [0x0000023e30b806a0, 0x0000023e30b809b8]
Event: 22669.634 Thread 0x0000023e7d2b5350 24081       4       org.eclipse.jdt.internal.compiler.codegen.StackMapFrame::getIndexOfDifferentLocals (43 bytes)
Event: 22669.636 Thread 0x0000023e7d2b5350 nmethod 24081 0x0000023e30b80b10 code [0x0000023e30b80ca0, 0x0000023e30b80e78]
Event: 22693.430 Thread 0x0000023e7d2b5350 24089       4       lombok.eclipse.handlers.HandleConstructor::fieldsNeedingBuilderDefaults (139 bytes)
Event: 22693.453 Thread 0x0000023e7d2b5350 nmethod 24089 0x0000023e30b80f90 code [0x0000023e30b812c0, 0x0000023e30b82748]
Event: 22693.453 Thread 0x0000023e7d2b5350 24090       4       org.eclipse.jdt.core.dom.ASTConverter::convertType (2901 bytes)

GC Heap History (20 events):
Event: 22660.369 GC heap before
{Heap before GC invocations=1171 (full 5):
 PSYoungGen      total 5120K, used 5000K [0x00000000d5580000, 0x00000000d5c00000, 0x0000000100000000)
  eden space 4096K, 99% used [0x00000000d5580000,0x00000000d597d108,0x00000000d5980000)
  from space 1024K, 89% used [0x00000000d5b00000,0x00000000d5be5220,0x00000000d5c00000)
  to   space 1024K, 0% used [0x00000000d5980000,0x00000000d5980000,0x00000000d5a80000)
 ParOldGen       total 1137664K, used 1137334K [0x0000000080000000, 0x00000000c5700000, 0x00000000d5580000)
  object space 1137664K, 99% used [0x0000000080000000,0x00000000c56ad848,0x00000000c5700000)
 Metaspace       used 87493K, committed 89216K, reserved 1179648K
  class space    used 8643K, committed 9472K, reserved 1048576K
}
Event: 22660.372 GC heap after
{Heap after GC invocations=1171 (full 5):
 PSYoungGen      total 5120K, used 784K [0x00000000d5580000, 0x00000000d5b80000, 0x0000000100000000)
  eden space 4096K, 0% used [0x00000000d5580000,0x00000000d5580000,0x00000000d5980000)
  from space 1024K, 76% used [0x00000000d5980000,0x00000000d5a44010,0x00000000d5a80000)
  to   space 1024K, 0% used [0x00000000d5a80000,0x00000000d5a80000,0x00000000d5b80000)
 ParOldGen       total 1138176K, used 1138011K [0x0000000080000000, 0x00000000c5780000, 0x00000000d5580000)
  object space 1138176K, 99% used [0x0000000080000000,0x00000000c5756c08,0x00000000c5780000)
 Metaspace       used 87493K, committed 89216K, reserved 1179648K
  class space    used 8643K, committed 9472K, reserved 1048576K
}
Event: 22660.388 GC heap before
{Heap before GC invocations=1172 (full 5):
 PSYoungGen      total 5120K, used 4880K [0x00000000d5580000, 0x00000000d5b80000, 0x0000000100000000)
  eden space 4096K, 100% used [0x00000000d5580000,0x00000000d5980000,0x00000000d5980000)
  from space 1024K, 76% used [0x00000000d5980000,0x00000000d5a44010,0x00000000d5a80000)
  to   space 1024K, 0% used [0x00000000d5a80000,0x00000000d5a80000,0x00000000d5b80000)
 ParOldGen       total 1138176K, used 1138011K [0x0000000080000000, 0x00000000c5780000, 0x00000000d5580000)
  object space 1138176K, 99% used [0x0000000080000000,0x00000000c5756c08,0x00000000c5780000)
 Metaspace       used 87544K, committed 89216K, reserved 1179648K
  class space    used 8656K, committed 9472K, reserved 1048576K
}
Event: 22660.390 GC heap after
{Heap after GC invocations=1172 (full 5):
 PSYoungGen      total 4096K, used 1012K [0x00000000d5580000, 0x00000000d5d80000, 0x0000000100000000)
  eden space 3072K, 0% used [0x00000000d5580000,0x00000000d5580000,0x00000000d5880000)
  from space 1024K, 98% used [0x00000000d5a80000,0x00000000d5b7d200,0x00000000d5b80000)
  to   space 2048K, 0% used [0x00000000d5880000,0x00000000d5880000,0x00000000d5a80000)
 ParOldGen       total 1138688K, used 1138603K [0x0000000080000000, 0x00000000c5800000, 0x00000000d5580000)
  object space 1138688K, 99% used [0x0000000080000000,0x00000000c57eac38,0x00000000c5800000)
 Metaspace       used 87544K, committed 89216K, reserved 1179648K
  class space    used 8656K, committed 9472K, reserved 1048576K
}
Event: 22660.393 GC heap before
{Heap before GC invocations=1173 (full 5):
 PSYoungGen      total 4096K, used 4084K [0x00000000d5580000, 0x00000000d5d80000, 0x0000000100000000)
  eden space 3072K, 100% used [0x00000000d5580000,0x00000000d5880000,0x00000000d5880000)
  from space 1024K, 98% used [0x00000000d5a80000,0x00000000d5b7d200,0x00000000d5b80000)
  to   space 2048K, 0% used [0x00000000d5880000,0x00000000d5880000,0x00000000d5a80000)
 ParOldGen       total 1138688K, used 1138603K [0x0000000080000000, 0x00000000c5800000, 0x00000000d5580000)
  object space 1138688K, 99% used [0x0000000080000000,0x00000000c57eac38,0x00000000c5800000)
 Metaspace       used 87544K, committed 89216K, reserved 1179648K
  class space    used 8656K, committed 9472K, reserved 1048576K
}
Event: 22660.395 GC heap after
{Heap after GC invocations=1173 (full 5):
 PSYoungGen      total 5120K, used 704K [0x00000000d5580000, 0x00000000d5c80000, 0x0000000100000000)
  eden space 3072K, 0% used [0x00000000d5580000,0x00000000d5580000,0x00000000d5880000)
  from space 2048K, 34% used [0x00000000d5880000,0x00000000d5930000,0x00000000d5a80000)
  to   space 1536K, 0% used [0x00000000d5b00000,0x00000000d5b00000,0x00000000d5c80000)
 ParOldGen       total 1139712K, used 1139458K [0x0000000080000000, 0x00000000c5900000, 0x00000000d5580000)
  object space 1139712K, 99% used [0x0000000080000000,0x00000000c58c0858,0x00000000c5900000)
 Metaspace       used 87544K, committed 89216K, reserved 1179648K
  class space    used 8656K, committed 9472K, reserved 1048576K
}
Event: 22660.399 GC heap before
{Heap before GC invocations=1174 (full 5):
 PSYoungGen      total 5120K, used 3776K [0x00000000d5580000, 0x00000000d5c80000, 0x0000000100000000)
  eden space 3072K, 100% used [0x00000000d5580000,0x00000000d5880000,0x00000000d5880000)
  from space 2048K, 34% used [0x00000000d5880000,0x00000000d5930000,0x00000000d5a80000)
  to   space 1536K, 0% used [0x00000000d5b00000,0x00000000d5b00000,0x00000000d5c80000)
 ParOldGen       total 1139712K, used 1139458K [0x0000000080000000, 0x00000000c5900000, 0x00000000d5580000)
  object space 1139712K, 99% used [0x0000000080000000,0x00000000c58c0858,0x00000000c5900000)
 Metaspace       used 87544K, committed 89216K, reserved 1179648K
  class space    used 8656K, committed 9472K, reserved 1048576K
}
Event: 22660.401 GC heap after
{Heap after GC invocations=1174 (full 5):
 PSYoungGen      total 5120K, used 832K [0x00000000d5580000, 0x00000000d5c00000, 0x0000000100000000)
  eden space 4096K, 0% used [0x00000000d5580000,0x00000000d5580000,0x00000000d5980000)
  from space 1024K, 81% used [0x00000000d5b00000,0x00000000d5bd0000,0x00000000d5c00000)
  to   space 1024K, 0% used [0x00000000d5a00000,0x00000000d5a00000,0x00000000d5b00000)
 ParOldGen       total 1140224K, used 1139922K [0x0000000080000000, 0x00000000c5980000, 0x00000000d5580000)
  object space 1140224K, 99% used [0x0000000080000000,0x00000000c5934888,0x00000000c5980000)
 Metaspace       used 87544K, committed 89216K, reserved 1179648K
  class space    used 8656K, committed 9472K, reserved 1048576K
}
Event: 22660.408 GC heap before
{Heap before GC invocations=1175 (full 5):
 PSYoungGen      total 5120K, used 4928K [0x00000000d5580000, 0x00000000d5c00000, 0x0000000100000000)
  eden space 4096K, 100% used [0x00000000d5580000,0x00000000d5980000,0x00000000d5980000)
  from space 1024K, 81% used [0x00000000d5b00000,0x00000000d5bd0000,0x00000000d5c00000)
  to   space 1024K, 0% used [0x00000000d5a00000,0x00000000d5a00000,0x00000000d5b00000)
 ParOldGen       total 1140224K, used 1139922K [0x0000000080000000, 0x00000000c5980000, 0x00000000d5580000)
  object space 1140224K, 99% used [0x0000000080000000,0x00000000c5934888,0x00000000c5980000)
 Metaspace       used 87545K, committed 89216K, reserved 1179648K
  class space    used 8656K, committed 9472K, reserved 1048576K
}
Event: 22660.410 GC heap after
{Heap after GC invocations=1175 (full 5):
 PSYoungGen      total 5632K, used 852K [0x00000000d5580000, 0x00000000d5c80000, 0x0000000100000000)
  eden space 4608K, 0% used [0x00000000d5580000,0x00000000d5580000,0x00000000d5a00000)
  from space 1024K, 83% used [0x00000000d5a00000,0x00000000d5ad5220,0x00000000d5b00000)
  to   space 1024K, 0% used [0x00000000d5b80000,0x00000000d5b80000,0x00000000d5c80000)
 ParOldGen       total 1140736K, used 1140538K [0x0000000080000000, 0x00000000c5a00000, 0x00000000d5580000)
  object space 1140736K, 99% used [0x0000000080000000,0x00000000c59ce888,0x00000000c5a00000)
 Metaspace       used 87545K, committed 89216K, reserved 1179648K
  class space    used 8656K, committed 9472K, reserved 1048576K
}
Event: 22660.417 GC heap before
{Heap before GC invocations=1176 (full 5):
 PSYoungGen      total 5632K, used 5460K [0x00000000d5580000, 0x00000000d5c80000, 0x0000000100000000)
  eden space 4608K, 100% used [0x00000000d5580000,0x00000000d5a00000,0x00000000d5a00000)
  from space 1024K, 83% used [0x00000000d5a00000,0x00000000d5ad5220,0x00000000d5b00000)
  to   space 1024K, 0% used [0x00000000d5b80000,0x00000000d5b80000,0x00000000d5c80000)
 ParOldGen       total 1140736K, used 1140538K [0x0000000080000000, 0x00000000c5a00000, 0x00000000d5580000)
  object space 1140736K, 99% used [0x0000000080000000,0x00000000c59ce888,0x00000000c5a00000)
 Metaspace       used 87546K, committed 89216K, reserved 1179648K
  class space    used 8656K, committed 9472K, reserved 1048576K
}
Event: 22660.419 GC heap after
{Heap after GC invocations=1176 (full 5):
 PSYoungGen      total 6144K, used 992K [0x00000000d5580000, 0x00000000d5d00000, 0x0000000100000000)
  eden space 5120K, 0% used [0x00000000d5580000,0x00000000d5580000,0x00000000d5a80000)
  from space 1024K, 96% used [0x00000000d5b80000,0x00000000d5c78000,0x00000000d5c80000)
  to   space 1024K, 0% used [0x00000000d5a80000,0x00000000d5a80000,0x00000000d5b80000)
 ParOldGen       total 1141248K, used 1141110K [0x0000000080000000, 0x00000000c5a80000, 0x00000000d5580000)
  object space 1141248K, 99% used [0x0000000080000000,0x00000000c5a5dac8,0x00000000c5a80000)
 Metaspace       used 87546K, committed 89216K, reserved 1179648K
  class space    used 8656K, committed 9472K, reserved 1048576K
}
Event: 22669.610 GC heap before
{Heap before GC invocations=1177 (full 5):
 PSYoungGen      total 6144K, used 6112K [0x00000000d5580000, 0x00000000d5d00000, 0x0000000100000000)
  eden space 5120K, 100% used [0x00000000d5580000,0x00000000d5a80000,0x00000000d5a80000)
  from space 1024K, 96% used [0x00000000d5b80000,0x00000000d5c78000,0x00000000d5c80000)
  to   space 1024K, 0% used [0x00000000d5a80000,0x00000000d5a80000,0x00000000d5b80000)
 ParOldGen       total 1141248K, used 1141110K [0x0000000080000000, 0x00000000c5a80000, 0x00000000d5580000)
  object space 1141248K, 99% used [0x0000000080000000,0x00000000c5a5dac8,0x00000000c5a80000)
 Metaspace       used 87554K, committed 89216K, reserved 1179648K
  class space    used 8657K, committed 9472K, reserved 1048576K
}
Event: 22669.613 GC heap after
{Heap after GC invocations=1177 (full 5):
 PSYoungGen      total 6144K, used 256K [0x00000000d5580000, 0x00000000d5c80000, 0x0000000100000000)
  eden space 5120K, 0% used [0x00000000d5580000,0x00000000d5580000,0x00000000d5a80000)
  from space 1024K, 25% used [0x00000000d5a80000,0x00000000d5ac0000,0x00000000d5b80000)
  to   space 1024K, 0% used [0x00000000d5b80000,0x00000000d5b80000,0x00000000d5c80000)
 ParOldGen       total 1142272K, used 1141916K [0x0000000080000000, 0x00000000c5b80000, 0x00000000d5580000)
  object space 1142272K, 99% used [0x0000000080000000,0x00000000c5b27248,0x00000000c5b80000)
 Metaspace       used 87554K, committed 89216K, reserved 1179648K
  class space    used 8657K, committed 9472K, reserved 1048576K
}
Event: 22669.624 GC heap before
{Heap before GC invocations=1178 (full 5):
 PSYoungGen      total 6144K, used 5376K [0x00000000d5580000, 0x00000000d5c80000, 0x0000000100000000)
  eden space 5120K, 100% used [0x00000000d5580000,0x00000000d5a80000,0x00000000d5a80000)
  from space 1024K, 25% used [0x00000000d5a80000,0x00000000d5ac0000,0x00000000d5b80000)
  to   space 1024K, 0% used [0x00000000d5b80000,0x00000000d5b80000,0x00000000d5c80000)
 ParOldGen       total 1142272K, used 1141916K [0x0000000080000000, 0x00000000c5b80000, 0x00000000d5580000)
  object space 1142272K, 99% used [0x0000000080000000,0x00000000c5b27248,0x00000000c5b80000)
 Metaspace       used 87554K, committed 89216K, reserved 1179648K
  class space    used 8657K, committed 9472K, reserved 1048576K
}
Event: 22669.627 GC heap after
{Heap after GC invocations=1178 (full 5):
 PSYoungGen      total 6144K, used 804K [0x00000000d5580000, 0x00000000d5c80000, 0x0000000100000000)
  eden space 5120K, 0% used [0x00000000d5580000,0x00000000d5580000,0x00000000d5a80000)
  from space 1024K, 78% used [0x00000000d5b80000,0x00000000d5c49210,0x00000000d5c80000)
  to   space 1024K, 0% used [0x00000000d5a80000,0x00000000d5a80000,0x00000000d5b80000)
 ParOldGen       total 1142272K, used 1142004K [0x0000000080000000, 0x00000000c5b80000, 0x00000000d5580000)
  object space 1142272K, 99% used [0x0000000080000000,0x00000000c5b3d248,0x00000000c5b80000)
 Metaspace       used 87554K, committed 89216K, reserved 1179648K
  class space    used 8657K, committed 9472K, reserved 1048576K
}
Event: 22693.427 GC heap before
{Heap before GC invocations=1179 (full 5):
 PSYoungGen      total 6144K, used 5924K [0x00000000d5580000, 0x00000000d5c80000, 0x0000000100000000)
  eden space 5120K, 100% used [0x00000000d5580000,0x00000000d5a80000,0x00000000d5a80000)
  from space 1024K, 78% used [0x00000000d5b80000,0x00000000d5c49210,0x00000000d5c80000)
  to   space 1024K, 0% used [0x00000000d5a80000,0x00000000d5a80000,0x00000000d5b80000)
 ParOldGen       total 1142272K, used 1142004K [0x0000000080000000, 0x00000000c5b80000, 0x00000000d5580000)
  object space 1142272K, 99% used [0x0000000080000000,0x00000000c5b3d248,0x00000000c5b80000)
 Metaspace       used 87560K, committed 89280K, reserved 1179648K
  class space    used 8657K, committed 9472K, reserved 1048576K
}
Event: 22693.429 GC heap after
{Heap after GC invocations=1179 (full 5):
 PSYoungGen      total 6144K, used 804K [0x00000000d5580000, 0x00000000d5c80000, 0x0000000100000000)
  eden space 5120K, 0% used [0x00000000d5580000,0x00000000d5580000,0x00000000d5a80000)
  from space 1024K, 78% used [0x00000000d5a80000,0x00000000d5b49210,0x00000000d5b80000)
  to   space 1024K, 0% used [0x00000000d5b80000,0x00000000d5b80000,0x00000000d5c80000)
 ParOldGen       total 1142784K, used 1142641K [0x0000000080000000, 0x00000000c5c00000, 0x00000000d5580000)
  object space 1142784K, 99% used [0x0000000080000000,0x00000000c5bdc478,0x00000000c5c00000)
 Metaspace       used 87560K, committed 89280K, reserved 1179648K
  class space    used 8657K, committed 9472K, reserved 1048576K
}
Event: 22693.436 GC heap before
{Heap before GC invocations=1180 (full 5):
 PSYoungGen      total 6144K, used 5924K [0x00000000d5580000, 0x00000000d5c80000, 0x0000000100000000)
  eden space 5120K, 100% used [0x00000000d5580000,0x00000000d5a80000,0x00000000d5a80000)
  from space 1024K, 78% used [0x00000000d5a80000,0x00000000d5b49210,0x00000000d5b80000)
  to   space 1024K, 0% used [0x00000000d5b80000,0x00000000d5b80000,0x00000000d5c80000)
 ParOldGen       total 1142784K, used 1142641K [0x0000000080000000, 0x00000000c5c00000, 0x00000000d5580000)
  object space 1142784K, 99% used [0x0000000080000000,0x00000000c5bdc478,0x00000000c5c00000)
 Metaspace       used 87560K, committed 89280K, reserved 1179648K
  class space    used 8657K, committed 9472K, reserved 1048576K
}
Event: 22693.438 GC heap after
{Heap after GC invocations=1180 (full 5):
 PSYoungGen      total 5120K, used 1024K [0x00000000d5580000, 0x00000000d5e80000, 0x0000000100000000)
  eden space 4096K, 0% used [0x00000000d5580000,0x00000000d5580000,0x00000000d5980000)
  from space 1024K, 100% used [0x00000000d5b80000,0x00000000d5c80000,0x00000000d5c80000)
  to   space 2048K, 0% used [0x00000000d5980000,0x00000000d5980000,0x00000000d5b80000)
 ParOldGen       total 1143808K, used 1143376K [0x0000000080000000, 0x00000000c5d00000, 0x00000000d5580000)
  object space 1143808K, 99% used [0x0000000080000000,0x00000000c5c940b8,0x00000000c5d00000)
 Metaspace       used 87560K, committed 89280K, reserved 1179648K
  class space    used 8657K, committed 9472K, reserved 1048576K
}

Dll operation events (12 events):
Event: 0.191 Loaded shared library c:\Users\admin\.vscode\extensions\redhat.java-1.51.0-win32-x64\jre\21.0.9-win32-x86_64\bin\java.dll
Event: 0.320 Loaded shared library c:\Users\admin\.vscode\extensions\redhat.java-1.51.0-win32-x64\jre\21.0.9-win32-x86_64\bin\zip.dll
Event: 0.342 Loaded shared library C:\Users\admin\.vscode\extensions\redhat.java-1.51.0-win32-x64\jre\21.0.9-win32-x86_64\bin\instrument.dll
Event: 0.390 Loaded shared library C:\Users\admin\.vscode\extensions\redhat.java-1.51.0-win32-x64\jre\21.0.9-win32-x86_64\bin\net.dll
Event: 0.441 Loaded shared library C:\Users\admin\.vscode\extensions\redhat.java-1.51.0-win32-x64\jre\21.0.9-win32-x86_64\bin\nio.dll
Event: 0.443 Loaded shared library C:\Users\admin\.vscode\extensions\redhat.java-1.51.0-win32-x64\jre\21.0.9-win32-x86_64\bin\zip.dll
Event: 0.463 Loaded shared library C:\Users\admin\.vscode\extensions\redhat.java-1.51.0-win32-x64\jre\21.0.9-win32-x86_64\bin\jimage.dll
Event: 0.613 Loaded shared library c:\Users\admin\.vscode\extensions\redhat.java-1.51.0-win32-x64\jre\21.0.9-win32-x86_64\bin\verify.dll
Event: 11.839 Loaded shared library C:\Users\admin\AppData\Roaming\Code\User\globalStorage\redhat.java\1.51.0\config_win\org.eclipse.equinox.launcher\org.eclipse.equinox.launcher.win32.win32.x86_64_1.2.1400.v20250801-0854\eclipse_11916.dll
Event: 22.183 Loaded shared library C:\Users\admin\AppData\Local\Temp\jna-92668751\jna5374674884139783555.dll
Event: 23.814 Loaded shared library C:\Users\admin\.vscode\extensions\redhat.java-1.51.0-win32-x64\jre\21.0.9-win32-x86_64\bin\sunmscapi.dll
Event: 23.970 Loaded shared library C:\Users\admin\.vscode\extensions\redhat.java-1.51.0-win32-x64\jre\21.0.9-win32-x86_64\bin\extnet.dll

Deoptimization events (20 events):
Event: 21575.433 Thread 0x0000023e13216500 Uncommon trap: reason=speculate_class_check action=maybe_recompile pc=0x0000023e307995b0 method=org.eclipse.core.internal.dtree.AbstractDataTreeNode.assembleWith(Lorg/eclipse/core/internal/dtree/AbstractDataTreeNode;)Lorg/eclipse/core/internal/dtree/Abstr
Event: 21575.433 Thread 0x0000023e13216500 DEOPT PACKING pc=0x0000023e307995b0 sp=0x000000fbc2dfe8f0
Event: 21575.433 Thread 0x0000023e13216500 DEOPT UNPACKING pc=0x0000023e2ebb3aa2 sp=0x000000fbc2dfe830 mode 2
Event: 21575.436 Thread 0x0000023e13216500 Uncommon trap: trap_request=0xffffff45 fr.pc=0x0000023e305227a0 relative=0x0000000000000ac0
Event: 21575.436 Thread 0x0000023e13216500 Uncommon trap: reason=unstable_if action=reinterpret pc=0x0000023e305227a0 method=java.io.DataOutputStream.writeUTF(Ljava/lang/String;Ljava/io/DataOutput;)I @ 29 c2
Event: 21575.436 Thread 0x0000023e13216500 DEOPT PACKING pc=0x0000023e305227a0 sp=0x000000fbc2dfe830
Event: 21575.436 Thread 0x0000023e13216500 DEOPT UNPACKING pc=0x0000023e2ebb3aa2 sp=0x000000fbc2dfe808 mode 2
Event: 22660.358 Thread 0x0000023e06d4fd20 Uncommon trap: trap_request=0xffffffde fr.pc=0x0000023e2f9bc0fc relative=0x000000000000055c
Event: 22660.358 Thread 0x0000023e06d4fd20 Uncommon trap: reason=class_check action=maybe_recompile pc=0x0000023e2f9bc0fc method=java.util.regex.Pattern$Ques.match(Ljava/util/regex/Matcher;ILjava/lang/CharSequence;)Z @ 68 c2
Event: 22660.358 Thread 0x0000023e06d4fd20 DEOPT PACKING pc=0x0000023e2f9bc0fc sp=0x000000fbc07fe890
Event: 22660.358 Thread 0x0000023e06d4fd20 DEOPT UNPACKING pc=0x0000023e2ebb3aa2 sp=0x000000fbc07fe838 mode 2
Event: 22660.388 Thread 0x0000023e06d4fd20 DEOPT PACKING pc=0x0000023e28ae121c sp=0x000000fbc07fd960
Event: 22660.388 Thread 0x0000023e06d4fd20 DEOPT UNPACKING pc=0x0000023e2ebb4242 sp=0x000000fbc07fce40 mode 0
Event: 22693.430 Thread 0x0000023e06d4fd20 DEOPT PACKING pc=0x0000023e28df62b6 sp=0x000000fbc07fd220
Event: 22693.430 Thread 0x0000023e06d4fd20 DEOPT UNPACKING pc=0x0000023e2ebb4242 sp=0x000000fbc07fc710 mode 0
Event: 22693.433 Thread 0x0000023e06d4fd20 Uncommon trap: trap_request=0xffffff6e fr.pc=0x0000023e30b80914 relative=0x0000000000000274
Event: 22693.434 Thread 0x0000023e06d4fd20 Uncommon trap: reason=loop_limit_check action=maybe_recompile pc=0x0000023e30b80914 method=java.util.DualPivotQuicksort.insertionSort([III)V @ 35 c2
Event: 22693.434 Thread 0x0000023e06d4fd20 DEOPT PACKING pc=0x0000023e30b80914 sp=0x000000fbc07fdc60
Event: 22693.434 Thread 0x0000023e06d4fd20 DEOPT UNPACKING pc=0x0000023e2ebb3aa2 sp=0x000000fbc07fdbd8 mode 2
Event: 22693.629 Thread 0x0000023e06d4fd20 Uncommon trap: trap_request=0xffffffde fr.pc=0x0000023e2f9bc0fc relative=0x000000000000055c

Classes loaded (20 events):
Event: 21275.674 Loading class jdk/internal/module/IllegalAccessLogger
Event: 21275.674 Loading class jdk/internal/module/IllegalAccessLogger done
Event: 21308.323 Loading class jdk/internal/module/IllegalAccessLogger
Event: 21308.323 Loading class jdk/internal/module/IllegalAccessLogger done
Event: 21326.278 Loading class jdk/internal/module/IllegalAccessLogger
Event: 21326.278 Loading class jdk/internal/module/IllegalAccessLogger done
Event: 21327.390 Loading class jdk/internal/module/IllegalAccessLogger
Event: 21327.390 Loading class jdk/internal/module/IllegalAccessLogger done
Event: 21338.983 Loading class jdk/internal/module/IllegalAccessLogger
Event: 21338.983 Loading class jdk/internal/module/IllegalAccessLogger done
Event: 21341.386 Loading class jdk/internal/module/IllegalAccessLogger
Event: 21341.386 Loading class jdk/internal/module/IllegalAccessLogger done
Event: 21341.746 Loading class java/io/CharArrayWriter
Event: 21341.747 Loading class java/io/CharArrayWriter done
Event: 21443.785 Loading class jdk/internal/module/IllegalAccessLogger
Event: 21443.785 Loading class jdk/internal/module/IllegalAccessLogger done
Event: 21445.483 Loading class jdk/internal/module/IllegalAccessLogger
Event: 21445.483 Loading class jdk/internal/module/IllegalAccessLogger done
Event: 21446.156 Loading class jdk/internal/module/IllegalAccessLogger
Event: 21446.156 Loading class jdk/internal/module/IllegalAccessLogger done

Classes unloaded (20 events):
Event: 20997.274 Thread 0x0000023e244a4750 Unloading class 0x0000023e3c017400 'java/lang/invoke/LambdaForm$MH+0x0000023e3c017400'
Event: 20997.274 Thread 0x0000023e244a4750 Unloading class 0x0000023e3c016400 'java/lang/invoke/LambdaForm$MH+0x0000023e3c016400'
Event: 20997.274 Thread 0x0000023e244a4750 Unloading class 0x0000023e3c00d800 'java/lang/invoke/LambdaForm$MH+0x0000023e3c00d800'
Event: 20997.274 Thread 0x0000023e244a4750 Unloading class 0x0000023e3c00d400 'java/lang/invoke/LambdaForm$MH+0x0000023e3c00d400'
Event: 20997.274 Thread 0x0000023e244a4750 Unloading class 0x0000023e3c00d000 'java/lang/invoke/LambdaForm$MH+0x0000023e3c00d000'
Event: 20997.274 Thread 0x0000023e244a4750 Unloading class 0x0000023e3c00cc00 'java/lang/invoke/LambdaForm$MH+0x0000023e3c00cc00'
Event: 20997.274 Thread 0x0000023e244a4750 Unloading class 0x0000023e3c00c800 'java/lang/invoke/LambdaForm$BMH+0x0000023e3c00c800'
Event: 20997.274 Thread 0x0000023e244a4750 Unloading class 0x0000023e3c00c000 'java/lang/invoke/LambdaForm$DMH+0x0000023e3c00c000'
Event: 20997.274 Thread 0x0000023e244a4750 Unloading class 0x0000023e3c008c00 'java/lang/invoke/LambdaForm$MH+0x0000023e3c008c00'
Event: 20997.274 Thread 0x0000023e244a4750 Unloading class 0x0000023e3c008800 'java/lang/invoke/LambdaForm$MH+0x0000023e3c008800'
Event: 20997.274 Thread 0x0000023e244a4750 Unloading class 0x0000023e3c008400 'java/lang/invoke/LambdaForm$MH+0x0000023e3c008400'
Event: 20997.274 Thread 0x0000023e244a4750 Unloading class 0x0000023e3c007000 'java/lang/invoke/LambdaForm$MH+0x0000023e3c007000'
Event: 20997.274 Thread 0x0000023e244a4750 Unloading class 0x0000023e3c006800 'java/lang/invoke/LambdaForm$MH+0x0000023e3c006800'
Event: 20997.274 Thread 0x0000023e244a4750 Unloading class 0x0000023e3c006400 'java/lang/invoke/LambdaForm$MH+0x0000023e3c006400'
Event: 20997.274 Thread 0x0000023e244a4750 Unloading class 0x0000023e3c006000 'java/lang/invoke/LambdaForm$MH+0x0000023e3c006000'
Event: 20997.274 Thread 0x0000023e244a4750 Unloading class 0x0000023e3c005c00 'java/lang/invoke/LambdaForm$BMH+0x0000023e3c005c00'
Event: 20997.274 Thread 0x0000023e244a4750 Unloading class 0x0000023e3c004800 'java/lang/invoke/LambdaForm$DMH+0x0000023e3c004800'
Event: 20997.274 Thread 0x0000023e244a4750 Unloading class 0x0000023e3c002400 'java/lang/invoke/LambdaForm$MH+0x0000023e3c002400'
Event: 20997.274 Thread 0x0000023e244a4750 Unloading class 0x0000023e3c002000 'java/lang/invoke/LambdaForm$MH+0x0000023e3c002000'
Event: 20997.274 Thread 0x0000023e244a4750 Unloading class 0x0000023e3c001800 'java/lang/invoke/LambdaForm$MH+0x0000023e3c001800'

Classes redefined (0 events):
No events

Internal exceptions (20 events):
Event: 21445.169 Thread 0x0000023e06d51760 Exception <a 'sun/nio/fs/WindowsException'{0x00000000d57d5860}> (0x00000000d57d5860) 
thrown [s\src\hotspot\share\prims\jni.cpp, line 520]
Event: 21445.169 Thread 0x0000023e06d4e970 Exception <a 'sun/nio/fs/WindowsException'{0x00000000d57d9d20}> (0x00000000d57d9d20) 
thrown [s\src\hotspot\share\prims\jni.cpp, line 520]
Event: 21445.169 Thread 0x0000023e06d531a0 Exception <a 'sun/nio/fs/WindowsException'{0x00000000d57d6960}> (0x00000000d57d6960) 
thrown [s\src\hotspot\share\prims\jni.cpp, line 520]
Event: 21445.169 Thread 0x0000023e06d4f000 Exception <a 'sun/nio/fs/WindowsException'{0x00000000d57d7ac0}> (0x00000000d57d7ac0) 
thrown [s\src\hotspot\share\prims\jni.cpp, line 520]
Event: 21445.169 Thread 0x0000023e06d53ec0 Exception <a 'sun/nio/fs/WindowsException'{0x00000000d57d8bd8}> (0x00000000d57d8bd8) 
thrown [s\src\hotspot\share\prims\jni.cpp, line 520]
Event: 21445.169 Thread 0x0000023e06d54550 Exception <a 'sun/nio/fs/WindowsException'{0x00000000d57dbf68}> (0x00000000d57dbf68) 
thrown [s\src\hotspot\share\prims\jni.cpp, line 520]
Event: 21445.169 Thread 0x0000023e06d55270 Exception <a 'sun/nio/fs/WindowsException'{0x00000000d57dd0a0}> (0x00000000d57dd0a0) 
thrown [s\src\hotspot\share\prims\jni.cpp, line 520]
Event: 21445.169 Thread 0x0000023e06d53830 Exception <a 'sun/nio/fs/WindowsException'{0x00000000d57dae50}> (0x00000000d57dae50) 
thrown [s\src\hotspot\share\prims\jni.cpp, line 520]
Event: 21445.170 Thread 0x0000023e06d4e2e0 Exception <a 'sun/nio/fs/WindowsException'{0x00000000d57d4718}> (0x00000000d57d4718) 
thrown [s\src\hotspot\share\prims\jni.cpp, line 520]
Event: 21445.170 Thread 0x0000023e06d52b10 Exception <a 'sun/nio/fs/WindowsException'{0x00000000d57e7e50}> (0x00000000d57e7e50) 
thrown [s\src\hotspot\share\prims\jni.cpp, line 520]
Event: 21445.170 Thread 0x0000023e06d51df0 Exception <a 'sun/nio/fs/WindowsException'{0x00000000d57d39d8}> (0x00000000d57d39d8) 
thrown [s\src\hotspot\share\prims\jni.cpp, line 520]
Event: 21445.175 Thread 0x0000023e06d53ec0 Exception <a 'sun/nio/fs/WindowsException'{0x00000000d558e800}> (0x00000000d558e800) 
thrown [s\src\hotspot\share\prims\jni.cpp, line 520]
Event: 21445.877 Thread 0x0000023e13216500 Exception <a 'sun/nio/fs/WindowsException'{0x00000000d5980948}> (0x00000000d5980948) 
thrown [s\src\hotspot\share\prims\jni.cpp, line 520]
Event: 21445.877 Thread 0x0000023e13216500 Exception <a 'sun/nio/fs/WindowsException'{0x00000000d5980f60}> (0x00000000d5980f60) 
thrown [s\src\hotspot\share\prims\jni.cpp, line 520]
Event: 21445.877 Thread 0x0000023e13216500 Exception <a 'sun/nio/fs/WindowsException'{0x00000000d5981b78}> (0x00000000d5981b78) 
thrown [s\src\hotspot\share\prims\jni.cpp, line 520]
Event: 21445.878 Thread 0x0000023e13216500 Exception <a 'sun/nio/fs/WindowsException'{0x00000000d59823f8}> (0x00000000d59823f8) 
thrown [s\src\hotspot\share\prims\jni.cpp, line 520]
Event: 21445.925 Thread 0x0000023e7f2cd120 Exception <a 'sun/nio/fs/WindowsException'{0x00000000d55b0100}> (0x00000000d55b0100) 
thrown [s\src\hotspot\share\prims\jni.cpp, line 520]
Event: 21446.091 Thread 0x0000023e7f2cd120 Exception <a 'sun/nio/fs/WindowsException'{0x00000000d5c03060}> (0x00000000d5c03060) 
thrown [s\src\hotspot\share\prims\jni.cpp, line 520]
Event: 21575.426 Thread 0x0000023e13216500 Exception <a 'sun/nio/fs/WindowsException'{0x00000000d5616640}> (0x00000000d5616640) 
thrown [s\src\hotspot\share\prims\jni.cpp, line 520]
Event: 21575.427 Thread 0x0000023e13216500 Exception <a 'sun/nio/fs/WindowsException'{0x00000000d5617158}> (0x00000000d5617158) 
thrown [s\src\hotspot\share\prims\jni.cpp, line 520]

ZGC Phase Switch (0 events):
No events

VM Operations (20 events):
Event: 22660.393 Executing VM operation: ParallelGCFailedAllocation (Allocation Failure)
Event: 22660.395 Executing VM operation: ParallelGCFailedAllocation (Allocation Failure) done
Event: 22660.399 Executing VM operation: ParallelGCFailedAllocation (Allocation Failure)
Event: 22660.401 Executing VM operation: ParallelGCFailedAllocation (Allocation Failure) done
Event: 22660.408 Executing VM operation: ParallelGCFailedAllocation (Allocation Failure)
Event: 22660.410 Executing VM operation: ParallelGCFailedAllocation (Allocation Failure) done
Event: 22660.417 Executing VM operation: ParallelGCFailedAllocation (Allocation Failure)
Event: 22660.419 Executing VM operation: ParallelGCFailedAllocation (Allocation Failure) done
Event: 22661.430 Executing VM operation: Cleanup
Event: 22661.430 Executing VM operation: Cleanup done
Event: 22669.610 Executing VM operation: ParallelGCFailedAllocation (Allocation Failure)
Event: 22669.613 Executing VM operation: ParallelGCFailedAllocation (Allocation Failure) done
Event: 22669.624 Executing VM operation: ParallelGCFailedAllocation (Allocation Failure)
Event: 22669.627 Executing VM operation: ParallelGCFailedAllocation (Allocation Failure) done
Event: 22670.631 Executing VM operation: Cleanup
Event: 22670.631 Executing VM operation: Cleanup done
Event: 22693.427 Executing VM operation: ParallelGCFailedAllocation (Allocation Failure)
Event: 22693.429 Executing VM operation: ParallelGCFailedAllocation (Allocation Failure) done
Event: 22693.436 Executing VM operation: ParallelGCFailedAllocation (Allocation Failure)
Event: 22693.438 Executing VM operation: ParallelGCFailedAllocation (Allocation Failure) done

Memory protections (0 events):
No events

Nmethod flushes (20 events):
Event: 20997.349 Thread 0x0000023e244a4750 flushing  nmethod 0x0000023e29903610
Event: 20997.349 Thread 0x0000023e244a4750 flushing  nmethod 0x0000023e299a6390
Event: 20997.349 Thread 0x0000023e244a4750 flushing  nmethod 0x0000023e299e1e10
Event: 20997.349 Thread 0x0000023e244a4750 flushing  nmethod 0x0000023e299e2490
Event: 20997.349 Thread 0x0000023e244a4750 flushing  nmethod 0x0000023e299e2810
Event: 20997.349 Thread 0x0000023e244a4750 flushing  nmethod 0x0000023e299e2f90
Event: 20997.349 Thread 0x0000023e244a4750 flushing  nmethod 0x0000023e299ea090
Event: 20997.349 Thread 0x0000023e244a4750 flushing  nmethod 0x0000023e299f1f10
Event: 20997.349 Thread 0x0000023e244a4750 flushing  nmethod 0x0000023e29a19790
Event: 20997.349 Thread 0x0000023e244a4750 flushing  nmethod 0x0000023e29a72910
Event: 20997.349 Thread 0x0000023e244a4750 flushing  nmethod 0x0000023e29a88c90
Event: 20997.349 Thread 0x0000023e244a4750 flushing  nmethod 0x0000023e29a8c810
Event: 20997.349 Thread 0x0000023e244a4750 flushing  nmethod 0x0000023e29b3b310
Event: 20997.349 Thread 0x0000023e244a4750 flushing  nmethod 0x0000023e29bee210
Event: 20997.349 Thread 0x0000023e244a4750 flushing  nmethod 0x0000023e29bf7f10
Event: 20997.349 Thread 0x0000023e244a4750 flushing  nmethod 0x0000023e29c93390
Event: 20997.349 Thread 0x0000023e244a4750 flushing  nmethod 0x0000023e29d3cb10
Event: 20997.349 Thread 0x0000023e244a4750 flushing  nmethod 0x0000023e29d74210
Event: 20997.349 Thread 0x0000023e244a4750 flushing  nmethod 0x0000023e29d96e10
Event: 20997.349 Thread 0x0000023e244a4750 flushing  nmethod 0x0000023e29dec690

Events (20 events):
Event: 22225.293 Thread 0x0000023e06d51760 Thread exited: 0x0000023e06d51760
Event: 22234.745 Thread 0x0000023e07f54900 Thread exited: 0x0000023e07f54900
Event: 22285.308 Thread 0x0000023e06d54550 Thread exited: 0x0000023e06d54550
Event: 22294.750 Thread 0x0000023e1320f570 Thread exited: 0x0000023e1320f570
Event: 22345.310 Thread 0x0000023e06d55270 Thread exited: 0x0000023e06d55270
Event: 22354.762 Thread 0x0000023e1320fc00 Thread exited: 0x0000023e1320fc00
Event: 22405.315 Thread 0x0000023e15b41dc0 Thread exited: 0x0000023e15b41dc0
Event: 22414.767 Thread 0x0000023e132157e0 Thread exited: 0x0000023e132157e0
Event: 22660.349 Thread 0x0000023e06d765c0 Thread added: 0x0000023e06d4fd20
Event: 22660.357 Thread 0x0000023e06d4fd20 Thread added: 0x0000023e06d503b0
Event: 22660.414 Thread 0x0000023e245cded0 Thread added: 0x0000023e0562cd80
Event: 22660.422 Thread 0x0000023e245cded0 Thread added: 0x0000023e05630ad0
Event: 22660.424 Thread 0x0000023e245cded0 Thread added: 0x0000023e05631870
Event: 22660.424 Thread 0x0000023e245cded0 Thread added: 0x0000023e0562e1f0
Event: 22660.424 Thread 0x0000023e245cded0 Thread added: 0x0000023e05631f40
Event: 22665.427 Thread 0x0000023e05630ad0 Thread exited: 0x0000023e05630ad0
Event: 22665.427 Thread 0x0000023e0562cd80 Thread exited: 0x0000023e0562cd80
Event: 22665.428 Thread 0x0000023e05631f40 Thread exited: 0x0000023e05631f40
Event: 22669.610 Thread 0x0000023e05631870 Thread exited: 0x0000023e05631870
Event: 22669.610 Thread 0x0000023e0562e1f0 Thread exited: 0x0000023e0562e1f0


Dynamic libraries:
0x00007ff7c7130000 - 0x00007ff7c713e000 	c:\Users\admin\.vscode\extensions\redhat.java-1.51.0-win32-x64\jre\21.0.9-win32-x86_64\bin\java.exe
0x00007ffbe8ea0000 - 0x00007ffbe9107000 	C:\WINDOWS\SYSTEM32\ntdll.dll
0x00007ffbe7fe0000 - 0x00007ffbe80a9000 	C:\WINDOWS\System32\KERNEL32.DLL
0x00007ffbe6450000 - 0x00007ffbe683f000 	C:\WINDOWS\System32\KERNELBASE.dll
0x00007ffbe6240000 - 0x00007ffbe638b000 	C:\WINDOWS\System32\ucrtbase.dll
0x00007ffbae900000 - 0x00007ffbae918000 	c:\Users\admin\.vscode\extensions\redhat.java-1.51.0-win32-x64\jre\21.0.9-win32-x86_64\bin\jli.dll
0x00007ffbb28a0000 - 0x00007ffbb28be000 	c:\Users\admin\.vscode\extensions\redhat.java-1.51.0-win32-x64\jre\21.0.9-win32-x86_64\bin\VCRUNTIME140.dll
0x00007ffbe7bc0000 - 0x00007ffbe7d85000 	C:\WINDOWS\System32\USER32.dll
0x00007ffbe6210000 - 0x00007ffbe6237000 	C:\WINDOWS\System32\win32u.dll
0x00007ffbe80c0000 - 0x00007ffbe80eb000 	C:\WINDOWS\System32\GDI32.dll
0x00007ffbcda30000 - 0x00007ffbcdcc3000 	C:\WINDOWS\WinSxS\amd64_microsoft.windows.common-controls_6595b64144ccf1df_6.0.26100.7309_none_3e05feeae336a044\COMCTL32.dll
0x00007ffbe6990000 - 0x00007ffbe6abc000 	C:\WINDOWS\System32\gdi32full.dll
0x00007ffbe6160000 - 0x00007ffbe6203000 	C:\WINDOWS\System32\msvcp_win.dll
0x00007ffbe7f30000 - 0x00007ffbe7fd9000 	C:\WINDOWS\System32\msvcrt.dll
0x00007ffbe8720000 - 0x00007ffbe8751000 	C:\WINDOWS\System32\IMM32.DLL
0x00007ffbd5360000 - 0x00007ffbd536c000 	c:\Users\admin\.vscode\extensions\redhat.java-1.51.0-win32-x64\jre\21.0.9-win32-x86_64\bin\vcruntime140_1.dll
0x00007ffba5760000 - 0x00007ffba57ed000 	c:\Users\admin\.vscode\extensions\redhat.java-1.51.0-win32-x64\jre\21.0.9-win32-x86_64\bin\msvcp140.dll
0x00007ffb75d20000 - 0x00007ffb76ac0000 	c:\Users\admin\.vscode\extensions\redhat.java-1.51.0-win32-x64\jre\21.0.9-win32-x86_64\bin\server\jvm.dll
0x00007ffbe7d90000 - 0x00007ffbe7e44000 	C:\WINDOWS\System32\ADVAPI32.dll
0x00007ffbe7e80000 - 0x00007ffbe7f26000 	C:\WINDOWS\System32\sechost.dll
0x00007ffbe8860000 - 0x00007ffbe8978000 	C:\WINDOWS\System32\RPCRT4.dll
0x00007ffbe8d30000 - 0x00007ffbe8da4000 	C:\WINDOWS\System32\WS2_32.dll
0x00007ffbce500000 - 0x00007ffbce535000 	C:\WINDOWS\SYSTEM32\WINMM.dll
0x00007ffbe5e70000 - 0x00007ffbe5ece000 	C:\WINDOWS\SYSTEM32\POWRPROF.dll
0x00007ffbcb150000 - 0x00007ffbcb15b000 	C:\WINDOWS\SYSTEM32\VERSION.dll
0x00007ffbe5e50000 - 0x00007ffbe5e64000 	C:\WINDOWS\SYSTEM32\UMPDC.dll
0x00007ffbe4da0000 - 0x00007ffbe4dbb000 	C:\WINDOWS\SYSTEM32\kernel.appcore.dll
0x00007ffbd1b30000 - 0x00007ffbd1b3a000 	c:\Users\admin\.vscode\extensions\redhat.java-1.51.0-win32-x64\jre\21.0.9-win32-x86_64\bin\jimage.dll
0x00007ffbe2ef0000 - 0x00007ffbe3132000 	C:\WINDOWS\SYSTEM32\DBGHELP.DLL
0x00007ffbe73f0000 - 0x00007ffbe7775000 	C:\WINDOWS\System32\combase.dll
0x00007ffbe7900000 - 0x00007ffbe79d6000 	C:\WINDOWS\System32\OLEAUT32.dll
0x00007ffbca370000 - 0x00007ffbca3ac000 	C:\WINDOWS\SYSTEM32\dbgcore.DLL
0x00007ffbe6850000 - 0x00007ffbe68f5000 	C:\WINDOWS\System32\bcryptPrimitives.dll
0x00007ffbcbf70000 - 0x00007ffbcbf7f000 	c:\Users\admin\.vscode\extensions\redhat.java-1.51.0-win32-x64\jre\21.0.9-win32-x86_64\bin\instrument.dll
0x00007ffbac350000 - 0x00007ffbac370000 	c:\Users\admin\.vscode\extensions\redhat.java-1.51.0-win32-x64\jre\21.0.9-win32-x86_64\bin\java.dll
0x00007ffbe6c90000 - 0x00007ffbe73e3000 	C:\WINDOWS\System32\SHELL32.dll
0x00007ffbe5ff0000 - 0x00007ffbe615a000 	C:\WINDOWS\System32\wintypes.dll
0x00007ffbe3bc0000 - 0x00007ffbe441e000 	C:\WINDOWS\SYSTEM32\windows.storage.dll
0x00007ffbe8620000 - 0x00007ffbe8715000 	C:\WINDOWS\System32\SHCORE.dll
0x00007ffbe8980000 - 0x00007ffbe89e6000 	C:\WINDOWS\System32\shlwapi.dll
0x00007ffbe5f10000 - 0x00007ffbe5f39000 	C:\WINDOWS\SYSTEM32\profapi.dll
0x00007ffbab5f0000 - 0x00007ffbab608000 	c:\Users\admin\.vscode\extensions\redhat.java-1.51.0-win32-x64\jre\21.0.9-win32-x86_64\bin\zip.dll
0x00007ffbcbef0000 - 0x00007ffbcbf00000 	C:\Users\admin\.vscode\extensions\redhat.java-1.51.0-win32-x64\jre\21.0.9-win32-x86_64\bin\net.dll
0x00007ffbdca80000 - 0x00007ffbdcba8000 	C:\WINDOWS\SYSTEM32\WINHTTP.dll
0x00007ffbe5310000 - 0x00007ffbe537b000 	C:\WINDOWS\system32\mswsock.dll
0x00007ffbab5d0000 - 0x00007ffbab5e6000 	C:\Users\admin\.vscode\extensions\redhat.java-1.51.0-win32-x64\jre\21.0.9-win32-x86_64\bin\nio.dll
0x00007ffbca290000 - 0x00007ffbca2a0000 	c:\Users\admin\.vscode\extensions\redhat.java-1.51.0-win32-x64\jre\21.0.9-win32-x86_64\bin\verify.dll
0x00007ffba1880000 - 0x00007ffba18c4000 	C:\Users\admin\AppData\Roaming\Code\User\globalStorage\redhat.java\1.51.0\config_win\org.eclipse.equinox.launcher\org.eclipse.equinox.launcher.win32.win32.x86_64_1.2.1400.v20250801-0854\eclipse_11916.dll
0x00007ffbe89f0000 - 0x00007ffbe8b87000 	C:\WINDOWS\System32\ole32.dll
0x00007ffbe55d0000 - 0x00007ffbe55eb000 	C:\WINDOWS\SYSTEM32\CRYPTSP.dll
0x00007ffbe4d00000 - 0x00007ffbe4d3a000 	C:\WINDOWS\system32\rsaenh.dll
0x00007ffbe53c0000 - 0x00007ffbe53eb000 	C:\WINDOWS\SYSTEM32\USERENV.dll
0x00007ffbe5ee0000 - 0x00007ffbe5f0a000 	C:\WINDOWS\SYSTEM32\bcrypt.dll
0x00007ffbe55f0000 - 0x00007ffbe55fc000 	C:\WINDOWS\SYSTEM32\CRYPTBASE.dll
0x00007ffbe4820000 - 0x00007ffbe4854000 	C:\WINDOWS\SYSTEM32\IPHLPAPI.DLL
0x00007ffbe80f0000 - 0x00007ffbe80fa000 	C:\WINDOWS\System32\NSI.dll
0x00007ffb9d170000 - 0x00007ffb9d1b9000 	C:\Users\admin\AppData\Local\Temp\jna-92668751\jna5374674884139783555.dll
0x00007ffbe80b0000 - 0x00007ffbe80b8000 	C:\WINDOWS\System32\PSAPI.DLL
0x00007ffbdce30000 - 0x00007ffbdce4e000 	C:\WINDOWS\SYSTEM32\dhcpcsvc6.DLL
0x00007ffbdcd50000 - 0x00007ffbdcd73000 	C:\WINDOWS\SYSTEM32\dhcpcsvc.DLL
0x00007ffbc03d0000 - 0x00007ffbc03de000 	C:\Users\admin\.vscode\extensions\redhat.java-1.51.0-win32-x64\jre\21.0.9-win32-x86_64\bin\sunmscapi.dll
0x00007ffbe6ac0000 - 0x00007ffbe6c37000 	C:\WINDOWS\System32\CRYPT32.dll
0x00007ffbe57f0000 - 0x00007ffbe5820000 	C:\WINDOWS\SYSTEM32\ncrypt.dll
0x00007ffbe57a0000 - 0x00007ffbe57df000 	C:\WINDOWS\SYSTEM32\NTASN1.dll
0x00007ffbe4900000 - 0x00007ffbe4a2c000 	C:\WINDOWS\SYSTEM32\DNSAPI.dll
0x00007ffbdad20000 - 0x00007ffbdad2b000 	C:\Windows\System32\rasadhlp.dll
0x00007ffbdd060000 - 0x00007ffbdd0e6000 	C:\WINDOWS\System32\fwpuclnt.dll
0x00007ffbbed30000 - 0x00007ffbbed39000 	C:\Users\admin\.vscode\extensions\redhat.java-1.51.0-win32-x64\jre\21.0.9-win32-x86_64\bin\extnet.dll

JVMTI agents:
c:\Users\admin\.vscode\extensions\redhat.java-1.51.0-win32-x64\lombok\lombok-1.18.39-4050.jar path:c:\Users\admin\.vscode\extensions\redhat.java-1.51.0-win32-x64\jre\21.0.9-win32-x86_64\bin\instrument.dll, loaded, initialized, instrumentlib options:none

dbghelp: loaded successfully - version: 4.0.5 - missing functions: none
symbol engine: initialized successfully - sym options: 0x614 - pdb path: .;c:\Users\admin\.vscode\extensions\redhat.java-1.51.0-win32-x64\jre\21.0.9-win32-x86_64\bin;C:\WINDOWS\SYSTEM32;C:\WINDOWS\WinSxS\amd64_microsoft.windows.common-controls_6595b64144ccf1df_6.0.26100.7309_none_3e05feeae336a044;c:\Users\admin\.vscode\extensions\redhat.java-1.51.0-win32-x64\jre\21.0.9-win32-x86_64\bin\server;C:\Users\admin\AppData\Roaming\Code\User\globalStorage\redhat.java\1.51.0\config_win\org.eclipse.equinox.launcher\org.eclipse.equinox.launcher.win32.win32.x86_64_1.2.1400.v20250801-0854;C:\Users\admin\AppData\Local\Temp\jna-92668751

VM Arguments:
jvm_args: --add-modules=ALL-SYSTEM --add-opens=java.base/java.util=ALL-UNNAMED --add-opens=java.base/java.lang=ALL-UNNAMED --add-opens=java.base/sun.nio.fs=ALL-UNNAMED -Declipse.application=org.eclipse.jdt.ls.core.id1 -Dosgi.bundles.defaultStartLevel=4 -Declipse.product=org.eclipse.jdt.ls.core.product -Djava.import.generatesMetadataFilesAtProjectRoot=false -DDetectVMInstallationsJob.disabled=true -Dfile.encoding=utf8 -XX:+UseParallelGC -XX:GCTimeRatio=4 -XX:AdaptiveSizePolicyWeight=90 -Dsun.zip.disableMemoryMapping=true -Xmx2G -Xms100m -Xlog:disable -javaagent:c:\Users\admin\.vscode\extensions\redhat.java-1.51.0-win32-x64\lombok\lombok-1.18.39-4050.jar -XX:+HeapDumpOnOutOfMemoryError -XX:HeapDumpPath=c:\Users\admin\AppData\Roaming\Code\User\workspaceStorage\2f343b39475732820675298a33ff4b6d\redhat.java -Daether.dependencyCollector.impl=bf 
java_command: c:\Users\admin\.vscode\extensions\redhat.java-1.51.0-win32-x64\server\plugins\org.eclipse.equinox.launcher_1.7.100.v20251111-0406.jar -configuration c:\Users\admin\AppData\Roaming\Code\User\globalStorage\redhat.java\1.51.0\config_win -data c:\Users\admin\AppData\Roaming\Code\User\workspaceStorage\2f343b39475732820675298a33ff4b6d\redhat.java\jdt_ws --pipe=\\.\pipe\lsp-dc284d97383eb31ee40181ddf3f58619-sock
java_class_path (initial): c:\Users\admin\.vscode\extensions\redhat.java-1.51.0-win32-x64\server\plugins\org.eclipse.equinox.launcher_1.7.100.v20251111-0406.jar
Launcher Type: SUN_STANDARD

[Global flags]
    uintx AdaptiveSizePolicyWeight                 = 90                                        {product} {command line}
     intx CICompilerCount                          = 12                                        {product} {ergonomic}
    uintx GCTimeRatio                              = 4                                         {product} {command line}
     bool HeapDumpOnOutOfMemoryError               = true                                   {manageable} {command line}
    ccstr HeapDumpPath                             = c:\Users\admin\AppData\Roaming\Code\User\workspaceStorage\2f343b39475732820675298a33ff4b6d\redhat.java         {manageable} {command line}
   size_t InitialHeapSize                          = 104857600                                 {product} {command line}
   size_t MaxHeapSize                              = 2147483648                                {product} {command line}
   size_t MaxNewSize                               = 715653120                                 {product} {ergonomic}
   size_t MinHeapDeltaBytes                        = 524288                                    {product} {ergonomic}
   size_t MinHeapSize                              = 104857600                                 {product} {command line}
   size_t NewSize                                  = 34603008                                  {product} {ergonomic}
    uintx NonNMethodCodeHeapSize                   = 7602480                                {pd product} {ergonomic}
    uintx NonProfiledCodeHeapSize                  = 122027880                              {pd product} {ergonomic}
   size_t OldSize                                  = 70254592                                  {product} {ergonomic}
    uintx ProfiledCodeHeapSize                     = 122027880                              {pd product} {ergonomic}
    uintx ReservedCodeCacheSize                    = 251658240                              {pd product} {ergonomic}
     bool SegmentedCodeCache                       = true                                      {product} {ergonomic}
   size_t SoftMaxHeapSize                          = 2147483648                             {manageable} {ergonomic}
     bool UseCompressedOops                        = true                           {product lp64_product} {ergonomic}
     bool UseLargePagesIndividualAllocation        = false                                  {pd product} {ergonomic}
     bool UseParallelGC                            = true                                      {product} {command line}

Logging:
Log output configuration:
 #0: stdout all=off uptime,level,tags foldmultilines=false
 #1: stderr all=off uptime,level,tags foldmultilines=false

Release file:
JAVA_VERSION="21.0.9" 
MODULES="java.base java.compiler java.datatransfer java.xml java.prefs java.desktop java.instrument java.logging java.management java.security.sasl java.naming java.rmi java.management.rmi java.net.http java.scripting java.security.jgss java.transaction.xa java.sql java.sql.rowset java.xml.crypto java.se java.smartcardio jdk.accessibility jdk.internal.jvmstat jdk.attach jdk.charsets jdk.internal.opt jdk.zipfs jdk.compiler jdk.crypto.ec jdk.crypto.cryptoki jdk.crypto.mscapi jdk.dynalink jdk.internal.ed jdk.editpad jdk.hotspot.agent jdk.httpserver jdk.internal.le jdk.internal.vm.ci jdk.internal.vm.compiler jdk.internal.vm.compiler.management jdk.jartool jdk.javadoc jdk.jcmd jdk.management jdk.management.agent jdk.jconsole jdk.jdeps jdk.jdwp.agent jdk.jdi jdk.jfr jdk.jshell jdk.jsobject jdk.jstatd jdk.localedata jdk.management.jfr jdk.naming.dns jdk.naming.rmi jdk.net jdk.nio.mapmode jdk.random jdk.sctp jdk.security.auth jdk.security.jgss jdk.unsupported jdk.unsupported.desktop jdk.xml.dom" 

Environment Variables:
JAVA_HOME=C:\Program Files\Java\jdk-23
PATH=c:\Users\admin\AppData\Local\Programs\cursor\resources\app\bin;C:\Program Files\Common Files\Oracle\Java\javapath;C:\Program Files (x86)\VMware\VMware Player\bin\;C:\Program Files\Microsoft MPI\Bin\;C:\WINDOWS\system32;C:\WINDOWS;C:\WINDOWS\System32\Wbem;C:\WINDOWS\System32\WindowsPowerShell\v1.0\;C:\WINDOWS\System32\OpenSSH\;C:\mingw64\bin;C:\Program Files\Git\cmd;C:\Program Files\Java\jdk-17\bin;C:\Program Files\Microsoft SQL Server\150\Tools\Binn\;C:\Program Files\Microsoft SQL Server\Client SDK\ODBC\170\Tools\Binn\;C:\Program Files\dotnet\;C:\Users\admin\AppData\Roaming\nvm;C:\Program Files\nodejs;C:\Program Files (x86)\Microsoft SQL Server\160\Tools\Binn\;C:\Program Files\Microsoft SQL Server\160\Tools\Binn\;C:\Program Files\Microsoft SQL Server\160\DTS\Binn\;C:\Program Files (x86)\Microsoft SQL Server\160\DTS\Binn\;C:\Users\admin\anaconda3;C:\Users\admin\anaconda3\Library\mingw-w64\bin;C:\Users\admin\anaconda3\Library\usr\bin;C:\Users\admin\anaconda3\Library\;C:\Program Files\Cloudflare\Cloudflare WARP\;C:\WINDOWS\system32;C:\WINDOWS;C:\WINDOWS\System32\Wbem;C:\WINDOWS\System32\WindowsPowerShell\v1.0\;C:\WINDOWS\System32\OpenSSH\;C:\Program Files\Redis\;C:\Program Files (x86)\Windows Kits\10\Windows Performance Toolkit\;C:\apache-maven-3.9.12\bin;C:\Users\admin\anaconda3;C:\Users\admin\anaconda3\Library\mingw-w64\bin;C:\Users\admin\anaconda3\Library\usr\bin;C:\Users\admin\anaconda3\Library\bin;C:\Users\admin\anaconda3\Scripts;C:\Users\admin\miniconda3;C:\Users\admin\miniconda3\Library\mingw-w64\bin;C:\Users\admin\miniconda3\Library\usr\bin;C:\Users\admin\miniconda3\Library\bin;C:\Users\admin\miniconda3\Scripts;C:\Users\admin\AppData\Local\Programs\Python\Python312\Scripts\;C:\Users\admin\AppData\Local\Programs\Python\Python312\;C:\Users\admin\AppData\Local\Microsoft\WindowsApps;C:\Users\admin\AppData\Local\Programs\Microsoft VS Code\bin;C:\mingw64\bin;C:\Users\admin\.dotnet\tools;C:\Program Files\JetBrains\PyCharm Community Edition 2024.1\bin;;C:\Users\admin\.anaconda;C:\Users\admin\AppData\Roaming\fnm\node-versions\v22.13.1\installation;C:\Program Files\nodejs;C:\Users\admin\AppData\Local\Microsoft\WinGet\Packages\Schniz.fnm_Microsoft.Winget.Source_8wekyb3d8bbwe;C:\xampp\php;C:\xampp\mysql\bin
USERNAME=admin
OS=Windows_NT
PROCESSOR_IDENTIFIER=Intel64 Family 6 Model 154 Stepping 3, GenuineIntel
TMP=C:\Users\admin\AppData\Local\Temp
TEMP=C:\Users\admin\AppData\Local\Temp




Periodic native trim disabled

---------------  S Y S T E M  ---------------

OS:
 Windows 11 , 64 bit Build 26100 (10.0.26100.7309)
OS uptime: 28 days 19:58 hours
Hyper-V role detected

CPU: total 16 (initial active 16) (8 cores per cpu, 2 threads per core) family 6 model 154 stepping 3 microcode 0x41b, cx8, cmov, fxsr, ht, mmx, 3dnowpref, sse, sse2, sse3, ssse3, sse4.1, sse4.2, popcnt, lzcnt, tsc, tscinvbit, avx, avx2, aes, erms, clmul, bmi1, bmi2, adx, sha, fma, vzeroupper, clflush, clflushopt, clwb, hv, serialize, rdtscp, rdpid, fsrm, f16c, cet_ibt, cet_ss
Processor Information for processor 0
  Max Mhz: 2500, Current Mhz: 2500, Mhz Limit: 2500
Processor Information for processor 1
  Max Mhz: 2500, Current Mhz: 2500, Mhz Limit: 2500
Processor Information for processor 2
  Max Mhz: 2500, Current Mhz: 2500, Mhz Limit: 2500
Processor Information for processor 3
  Max Mhz: 2500, Current Mhz: 2500, Mhz Limit: 2500
Processor Information for processor 4
  Max Mhz: 2500, Current Mhz: 2500, Mhz Limit: 2500
Processor Information for processor 5
  Max Mhz: 2500, Current Mhz: 2500, Mhz Limit: 2500
Processor Information for processor 6
  Max Mhz: 2500, Current Mhz: 2500, Mhz Limit: 2500
Processor Information for processor 7
  Max Mhz: 2500, Current Mhz: 2500, Mhz Limit: 2500
Processor Information for processor 8
  Max Mhz: 2500, Current Mhz: 1500, Mhz Limit: 1800
Processor Information for processor 9
  Max Mhz: 2500, Current Mhz: 1500, Mhz Limit: 1800
Processor Information for processor 10
  Max Mhz: 2500, Current Mhz: 1500, Mhz Limit: 1800
Processor Information for processor 11
  Max Mhz: 2500, Current Mhz: 1800, Mhz Limit: 1800
Processor Information for processor 12
  Max Mhz: 2500, Current Mhz: 1500, Mhz Limit: 1800
Processor Information for processor 13
  Max Mhz: 2500, Current Mhz: 1500, Mhz Limit: 1800
Processor Information for processor 14
  Max Mhz: 2500, Current Mhz: 1800, Mhz Limit: 1800
Processor Information for processor 15
  Max Mhz: 2500, Current Mhz: 1500, Mhz Limit: 1800

Memory: 4k page, system-wide physical 16077M (1716M free)
TotalPageFile size 24269M (AvailPageFile size 16M)
current process WorkingSet (physical memory assigned to process): 1458M, peak: 1470M
current process commit charge ("private bytes"): 1568M, peak: 1764M

vm_info: OpenJDK 64-Bit Server VM (21.0.9+10-LTS) for windows-amd64 JRE (21.0.9+10-LTS), built on 2025-10-21T00:00:00Z by "admin" with unknown MS VC++:1942

END.
